<html>
<head>
<title>TestNG:  Test</title>
<link href="../testng.css" rel="stylesheet" type="text/css" />
<link href="../my-testng.css" rel="stylesheet" type="text/css" />

<style type="text/css">
.log { display: none;} 
.stack-trace { display: none;} 
</style>
<script type="text/javascript">
<!--
function flip(e) {
  current = e.style.display;
  if (current == 'block') {
    e.style.display = 'none';
    return 0;
  }
  else {
    e.style.display = 'block';
    return 1;
  }
}

function toggleBox(szDivId, elem, msg1, msg2)
{
  var res = -1;  if (document.getElementById) {
    res = flip(document.getElementById(szDivId));
  }
  else if (document.all) {
    // this is the way old msie versions work
    res = flip(document.all[szDivId]);
  }
  if(elem) {
    if(res == 0) elem.innerHTML = msg1; else elem.innerHTML = msg2;
  }

}

function toggleAllBoxes() {
  if (document.getElementsByTagName) {
    d = document.getElementsByTagName('div');
    for (i = 0; i < d.length; i++) {
      if (d[i].className == 'log') {
        flip(d[i]);
      }
    }
  }
}

// -->
</script>

</head>
<body>
<h2 align='center'>Test</h2><table border='1' align="center">
<tr>
<td>Tests passed/Failed/Skipped:</td><td>21/3/0</td>
</tr><tr>
<td>Started on:</td><td>Fri Dec 17 03:52:08 GMT 2021</td>
</tr>
<tr><td>Total time:</td><td>22 seconds (22217 ms)</td>
</tr><tr>
<td>Included groups:</td><td></td>
</tr><tr>
<td>Excluded groups:</td><td></td>
</tr>
</table><p/>
<small><i>(Hover the method name to see the test class name)</i></small><p/>
<table width='100%' border='1' class='invocation-failed'>
<tr><td colspan='4' align='center'><b>FAILED TESTS</b></td></tr>
<tr><td><b>Test method</b></td>
<td width="30%"><b>Exception</b></td>
<td width="10%"><b>Time (seconds)</b></td>
<td><b>Instance</b></td>
</tr>
<tr>
<td title='testCases.GetAndUpdateUserDetails.update()'><b>update</b><br>Test class: testCases.GetAndUpdateUserDetails<br>Parameters: TC018, 90, , , , , , , , , , , , , , </td>
<td><div><pre>java.lang.AssertionError:  status code returned expected [200] but found [404]
	at testCases.GetAndUpdateUserDetails.update(GetAndUpdateUserDetails.java:103)
	at java.base/java.util.ArrayList.forEach(ArrayList.java:1511)
... Removed 32 stack frames</pre></div><a href='#' onClick='toggleBox("stack-trace836570670", this, "Click to show all stack frames", "Click to hide stack frames")'>Click to show all stack frames</a>
<div class='stack-trace' id='stack-trace836570670'><pre>java.lang.AssertionError:  status code returned expected [200] but found [404]
	at org.testng.Assert.fail(Assert.java:99)
	at org.testng.Assert.failNotEquals(Assert.java:1037)
	at org.testng.Assert.assertEqualsImpl(Assert.java:140)
	at org.testng.Assert.assertEquals(Assert.java:122)
	at org.testng.Assert.assertEquals(Assert.java:907)
	at testCases.GetAndUpdateUserDetails.update(GetAndUpdateUserDetails.java:103)
	at java.base/jdk.internal.reflect.NativeMethodAccessorImpl.invoke0(Native Method)
	at java.base/jdk.internal.reflect.NativeMethodAccessorImpl.invoke(NativeMethodAccessorImpl.java:77)
	at java.base/jdk.internal.reflect.DelegatingMethodAccessorImpl.invoke(DelegatingMethodAccessorImpl.java:43)
	at java.base/java.lang.reflect.Method.invoke(Method.java:568)
	at org.testng.internal.MethodInvocationHelper.invokeMethod(MethodInvocationHelper.java:133)
	at org.testng.internal.TestInvoker.invokeMethod(TestInvoker.java:598)
	at org.testng.internal.TestInvoker.invokeTestMethod(TestInvoker.java:173)
	at org.testng.internal.MethodRunner.runInSequence(MethodRunner.java:46)
	at org.testng.internal.TestInvoker$MethodInvocationAgent.invoke(TestInvoker.java:824)
	at org.testng.internal.TestInvoker.invokeTestMethods(TestInvoker.java:146)
	at org.testng.internal.TestMethodWorker.invokeTestMethods(TestMethodWorker.java:146)
	at org.testng.internal.TestMethodWorker.run(TestMethodWorker.java:128)
	at java.base/java.util.ArrayList.forEach(ArrayList.java:1511)
	at org.testng.TestRunner.privateRun(TestRunner.java:794)
	at org.testng.TestRunner.run(TestRunner.java:596)
	at org.testng.SuiteRunner.runTest(SuiteRunner.java:377)
	at org.testng.SuiteRunner.runSequentially(SuiteRunner.java:371)
	at org.testng.SuiteRunner.privateRun(SuiteRunner.java:332)
	at org.testng.SuiteRunner.run(SuiteRunner.java:276)
	at org.testng.SuiteRunnerWorker.runSuite(SuiteRunnerWorker.java:53)
	at org.testng.SuiteRunnerWorker.run(SuiteRunnerWorker.java:96)
	at org.testng.TestNG.runSuitesSequentially(TestNG.java:1212)
	at org.testng.TestNG.runSuitesLocally(TestNG.java:1134)
	at org.testng.TestNG.runSuites(TestNG.java:1063)
	at org.testng.TestNG.run(TestNG.java:1031)
	at org.testng.remote.AbstractRemoteTestNG.run(AbstractRemoteTestNG.java:115)
	at org.testng.remote.RemoteTestNG.initAndRun(RemoteTestNG.java:251)
	at org.testng.remote.RemoteTestNG.main(RemoteTestNG.java:77)
</pre></div></td>
<td>0</td>
<td>testCases.GetAndUpdateUserDetails@57a3e26a</td></tr>
<tr>
<td title='testCases.CreateUser.createUser()'><b>createUser</b><br>Test class: testCases.CreateUser<br>Parameters: TC05, , , , , , , , , , , , , , , </td>
<td><div><pre>java.lang.AssertionError: expected [true] but found [false]
	at testCases.CreateUser.createUser(CreateUser.java:89)
	at java.base/java.util.ArrayList.forEach(ArrayList.java:1511)
... Removed 31 stack frames</pre></div><a href='#' onClick='toggleBox("stack-trace2095254539", this, "Click to show all stack frames", "Click to hide stack frames")'>Click to show all stack frames</a>
<div class='stack-trace' id='stack-trace2095254539'><pre>java.lang.AssertionError: expected [true] but found [false]
	at org.testng.Assert.fail(Assert.java:99)
	at org.testng.Assert.failNotEquals(Assert.java:1037)
	at org.testng.Assert.assertTrue(Assert.java:45)
	at org.testng.Assert.assertTrue(Assert.java:55)
	at testCases.CreateUser.createUser(CreateUser.java:89)
	at java.base/jdk.internal.reflect.NativeMethodAccessorImpl.invoke0(Native Method)
	at java.base/jdk.internal.reflect.NativeMethodAccessorImpl.invoke(NativeMethodAccessorImpl.java:77)
	at java.base/jdk.internal.reflect.DelegatingMethodAccessorImpl.invoke(DelegatingMethodAccessorImpl.java:43)
	at java.base/java.lang.reflect.Method.invoke(Method.java:568)
	at org.testng.internal.MethodInvocationHelper.invokeMethod(MethodInvocationHelper.java:133)
	at org.testng.internal.TestInvoker.invokeMethod(TestInvoker.java:598)
	at org.testng.internal.TestInvoker.invokeTestMethod(TestInvoker.java:173)
	at org.testng.internal.MethodRunner.runInSequence(MethodRunner.java:46)
	at org.testng.internal.TestInvoker$MethodInvocationAgent.invoke(TestInvoker.java:824)
	at org.testng.internal.TestInvoker.invokeTestMethods(TestInvoker.java:146)
	at org.testng.internal.TestMethodWorker.invokeTestMethods(TestMethodWorker.java:146)
	at org.testng.internal.TestMethodWorker.run(TestMethodWorker.java:128)
	at java.base/java.util.ArrayList.forEach(ArrayList.java:1511)
	at org.testng.TestRunner.privateRun(TestRunner.java:794)
	at org.testng.TestRunner.run(TestRunner.java:596)
	at org.testng.SuiteRunner.runTest(SuiteRunner.java:377)
	at org.testng.SuiteRunner.runSequentially(SuiteRunner.java:371)
	at org.testng.SuiteRunner.privateRun(SuiteRunner.java:332)
	at org.testng.SuiteRunner.run(SuiteRunner.java:276)
	at org.testng.SuiteRunnerWorker.runSuite(SuiteRunnerWorker.java:53)
	at org.testng.SuiteRunnerWorker.run(SuiteRunnerWorker.java:96)
	at org.testng.TestNG.runSuitesSequentially(TestNG.java:1212)
	at org.testng.TestNG.runSuitesLocally(TestNG.java:1134)
	at org.testng.TestNG.runSuites(TestNG.java:1063)
	at org.testng.TestNG.run(TestNG.java:1031)
	at org.testng.remote.AbstractRemoteTestNG.run(AbstractRemoteTestNG.java:115)
	at org.testng.remote.RemoteTestNG.initAndRun(RemoteTestNG.java:251)
	at org.testng.remote.RemoteTestNG.main(RemoteTestNG.java:77)
</pre></div></td>
<td>0</td>
<td>testCases.CreateUser@928763c</td></tr>
<tr>
<td title='testCases.SearchUserByEmail.searchEmail()'><b>searchEmail</b><br>Test class: testCases.SearchUserByEmail<br>Parameters: TC019, munu@gmail.com</td>
<td><div><pre>java.lang.AssertionError: 
	at testCases.SearchUserByEmail.searchEmail(SearchUserByEmail.java:57)
	at java.base/java.util.ArrayList.forEach(ArrayList.java:1511)
... Removed 30 stack frames</pre></div><a href='#' onClick='toggleBox("stack-trace720575162", this, "Click to show all stack frames", "Click to hide stack frames")'>Click to show all stack frames</a>
<div class='stack-trace' id='stack-trace720575162'><pre>java.lang.AssertionError: 
	at org.testng.AssertJUnit.fail(AssertJUnit.java:65)
	at org.testng.AssertJUnit.assertTrue(AssertJUnit.java:23)
	at org.testng.AssertJUnit.assertTrue(AssertJUnit.java:33)
	at testCases.SearchUserByEmail.searchEmail(SearchUserByEmail.java:57)
	at java.base/jdk.internal.reflect.NativeMethodAccessorImpl.invoke0(Native Method)
	at java.base/jdk.internal.reflect.NativeMethodAccessorImpl.invoke(NativeMethodAccessorImpl.java:77)
	at java.base/jdk.internal.reflect.DelegatingMethodAccessorImpl.invoke(DelegatingMethodAccessorImpl.java:43)
	at java.base/java.lang.reflect.Method.invoke(Method.java:568)
	at org.testng.internal.MethodInvocationHelper.invokeMethod(MethodInvocationHelper.java:133)
	at org.testng.internal.TestInvoker.invokeMethod(TestInvoker.java:598)
	at org.testng.internal.TestInvoker.invokeTestMethod(TestInvoker.java:173)
	at org.testng.internal.MethodRunner.runInSequence(MethodRunner.java:46)
	at org.testng.internal.TestInvoker$MethodInvocationAgent.invoke(TestInvoker.java:824)
	at org.testng.internal.TestInvoker.invokeTestMethods(TestInvoker.java:146)
	at org.testng.internal.TestMethodWorker.invokeTestMethods(TestMethodWorker.java:146)
	at org.testng.internal.TestMethodWorker.run(TestMethodWorker.java:128)
	at java.base/java.util.ArrayList.forEach(ArrayList.java:1511)
	at org.testng.TestRunner.privateRun(TestRunner.java:794)
	at org.testng.TestRunner.run(TestRunner.java:596)
	at org.testng.SuiteRunner.runTest(SuiteRunner.java:377)
	at org.testng.SuiteRunner.runSequentially(SuiteRunner.java:371)
	at org.testng.SuiteRunner.privateRun(SuiteRunner.java:332)
	at org.testng.SuiteRunner.run(SuiteRunner.java:276)
	at org.testng.SuiteRunnerWorker.runSuite(SuiteRunnerWorker.java:53)
	at org.testng.SuiteRunnerWorker.run(SuiteRunnerWorker.java:96)
	at org.testng.TestNG.runSuitesSequentially(TestNG.java:1212)
	at org.testng.TestNG.runSuitesLocally(TestNG.java:1134)
	at org.testng.TestNG.runSuites(TestNG.java:1063)
	at org.testng.TestNG.run(TestNG.java:1031)
	at org.testng.remote.AbstractRemoteTestNG.run(AbstractRemoteTestNG.java:115)
	at org.testng.remote.RemoteTestNG.initAndRun(RemoteTestNG.java:251)
	at org.testng.remote.RemoteTestNG.main(RemoteTestNG.java:77)
</pre></div></td>
<td>1</td>
<td>testCases.SearchUserByEmail@75c56eb9</td></tr>
</table><p>
<table width='100%' border='1' class='invocation-passed'>
<tr><td colspan='4' align='center'><b>PASSED TESTS</b></td></tr>
<tr><td><b>Test method</b></td>
<td width="30%"><b>Exception</b></td>
<td width="10%"><b>Time (seconds)</b></td>
<td><b>Instance</b></td>
</tr>
<tr>
<td title='testCases.SearchUserByEmail.searchEmail()'><b>searchEmail</b><br>Test class: testCases.SearchUserByEmail<br>Parameters: TC024, Sincere@april.biz</td>
<td></td>
<td>0</td>
<td>testCases.SearchUserByEmail@75c56eb9</td></tr>
<tr>
<td title='testCases.GetAndUpdateUserDetails.getUserDetails()'><b>getUserDetails</b><br>Test class: testCases.GetAndUpdateUserDetails<br>Parameters: TC012, 7</td>
<td></td>
<td>0</td>
<td>testCases.GetAndUpdateUserDetails@57a3e26a</td></tr>
<tr>
<td title='testCases.CreateUser.createUser()'><b>createUser</b><br>Test class: testCases.CreateUser<br>Parameters: TC02, 11, munuNew, munuswamy, munus@email.com, Florence Court, First Floor, Perth, PH1 5BL, -37.3159, 37.3159, , , , , </td>
<td></td>
<td>0</td>
<td>testCases.CreateUser@928763c</td></tr>
<tr>
<td title='testCases.CreateUser.createUser()'><b>createUser</b><br>Test class: testCases.CreateUser<br>Parameters: TC03, 11, munuOld, , munus@email.com, Florence Court, , , , , , , , , , </td>
<td></td>
<td>0</td>
<td>testCases.CreateUser@928763c</td></tr>
<tr>
<td title='testCases.GetAndUpdateUserDetails.getUserDetails()'><b>getUserDetails</b><br>Test class: testCases.GetAndUpdateUserDetails<br>Parameters: TC010, 5</td>
<td></td>
<td>0</td>
<td>testCases.GetAndUpdateUserDetails@57a3e26a</td></tr>
<tr>
<td title='testCases.GetAndUpdateUserDetails.update()'><b>update</b><br>Test class: testCases.GetAndUpdateUserDetails<br>Parameters: TC016, 3, munuc, heymunuc, heymunu@email.com, Queens court, First Floor, Perth, PH1 5BL, -39.3159, 41.3159, 9677708835, www.heym.com, , , </td>
<td></td>
<td>0</td>
<td>testCases.GetAndUpdateUserDetails@57a3e26a</td></tr>
<tr>
<td title='testCases.SearchUserByEmail.searchEmail()'><b>searchEmail</b><br>Test class: testCases.SearchUserByEmail<br>Parameters: TC021, Chaim_McDermott@dana.io</td>
<td></td>
<td>0</td>
<td>testCases.SearchUserByEmail@75c56eb9</td></tr>
<tr>
<td title='testCases.CreateUser.createUser()'><b>createUser</b><br>Test class: testCases.CreateUser<br>Parameters: TC01, 11, munu, munuswamy, munus@email.com, Florence Court, First Floor, Perth, PH1 5BL, -37.3159, 37.3159, 9677708833, www.munu.com, ABC, Nothing is impossilbe  , Good Luck</td>
<td></td>
<td>3</td>
<td>testCases.CreateUser@928763c</td></tr>
<tr>
<td title='testCases.GetAndUpdateUserDetails.getUserDetails()'><b>getUserDetails</b><br>Test class: testCases.GetAndUpdateUserDetails<br>Parameters: TC009, 4</td>
<td></td>
<td>0</td>
<td>testCases.GetAndUpdateUserDetails@57a3e26a</td></tr>
<tr>
<td title='testCases.SearchUserByEmail.searchEmail()'><b>searchEmail</b><br>Test class: testCases.SearchUserByEmail<br>Parameters: TC020, Rey.Padberg@karina.biz</td>
<td></td>
<td>0</td>
<td>testCases.SearchUserByEmail@75c56eb9</td></tr>
<tr>
<td title='testCases.GetAndUpdateUserDetails.update()'><b>update</b><br>Test class: testCases.GetAndUpdateUserDetails<br>Parameters: TC015, 2, swamy, heyswamy, heyswamy@email.com, Kings court, First Floor, Perth, PH2 6BL, -38.3159, 39.3159, 9677708834, www.swamy.com, , , </td>
<td></td>
<td>0</td>
<td>testCases.GetAndUpdateUserDetails@57a3e26a</td></tr>
<tr>
<td title='testCases.CreateUser.createUser()'><b>createUser</b><br>Test class: testCases.CreateUser<br>Parameters: TC04, 11, , , , , , , , , , , , , , </td>
<td></td>
<td>0</td>
<td>testCases.CreateUser@928763c</td></tr>
<tr>
<td title='testCases.GetAndUpdateUserDetails.getUserDetails()'><b>getUserDetails</b><br>Test class: testCases.GetAndUpdateUserDetails<br>Parameters: TC007, 2</td>
<td></td>
<td>0</td>
<td>testCases.GetAndUpdateUserDetails@57a3e26a</td></tr>
<tr>
<td title='testCases.SearchUserByEmail.searchEmail()'><b>searchEmail</b><br>Test class: testCases.SearchUserByEmail<br>Parameters: TC022, Sherwood@rosamond.me</td>
<td></td>
<td>0</td>
<td>testCases.SearchUserByEmail@75c56eb9</td></tr>
<tr>
<td title='testCases.GetAndUpdateUserDetails.getUserDetails()'><b>getUserDetails</b><br>Test class: testCases.GetAndUpdateUserDetails<br>Parameters: TC013, 8</td>
<td></td>
<td>0</td>
<td>testCases.GetAndUpdateUserDetails@57a3e26a</td></tr>
<tr>
<td title='testCases.GetAndUpdateUserDetails.update()'><b>update</b><br>Test class: testCases.GetAndUpdateUserDetails<br>Parameters: TC014, 1, munu, munuswamy, munus@email.com, Florence Court, First Floor, Perth, PH1 5BL, -37.3159, 37.3159, 9677708833, www.munu.com, , , </td>
<td></td>
<td>0</td>
<td>testCases.GetAndUpdateUserDetails@57a3e26a</td></tr>
<tr>
<td title='testCases.SearchUserByEmail.searchEmail()'><b>searchEmail</b><br>Test class: testCases.SearchUserByEmail<br>Parameters: TC023, Telly.Hoeger@billy.biz</td>
<td></td>
<td>0</td>
<td>testCases.SearchUserByEmail@75c56eb9</td></tr>
<tr>
<td title='testCases.GetAndUpdateUserDetails.update()'><b>update</b><br>Test class: testCases.GetAndUpdateUserDetails<br>Parameters: TC017, 4, munutest, heytest, heytest@email.com, James court, First Floor, Perth, PH2 6BL, -40.3159, 43.3159, 9677708836, www.test.com, , , </td>
<td></td>
<td>0</td>
<td>testCases.GetAndUpdateUserDetails@57a3e26a</td></tr>
<tr>
<td title='testCases.GetAndUpdateUserDetails.getUserDetails()'><b>getUserDetails</b><br>Test class: testCases.GetAndUpdateUserDetails<br>Parameters: TC011, 6</td>
<td></td>
<td>0</td>
<td>testCases.GetAndUpdateUserDetails@57a3e26a</td></tr>
<tr>
<td title='testCases.GetAndUpdateUserDetails.getUserDetails()'><b>getUserDetails</b><br>Test class: testCases.GetAndUpdateUserDetails<br>Parameters: TC008, 3</td>
<td></td>
<td>0</td>
<td>testCases.GetAndUpdateUserDetails@57a3e26a</td></tr>
<tr>
<td title='testCases.GetAndUpdateUserDetails.getUserDetails()'><b>getUserDetails</b><br>Test class: testCases.GetAndUpdateUserDetails<br>Parameters: TC006, 1</td>
<td></td>
<td>0</td>
<td>testCases.GetAndUpdateUserDetails@57a3e26a</td></tr>
</table><p>
</body>
</html>